<?xml version="1.0" encoding="UTF-8"?>
<testsuite xmlns:xsi="http://www.w3.org/2001/XMLSchema-instance" xsi:noNamespaceSchemaLocation="https://maven.apache.org/surefire/maven-surefire-plugin/xsd/surefire-test-report.xsd" name="pl.us.edu.aptwmz.SeleniumWebDriverTest.SeleniumTest" time="93.148" tests="10" errors="0" skipped="0" failures="4">
  <properties>
[...]
</properties>
  <testcase name="rejestracjaSkrzatyBezZaswiadczeniaLekarskiego" classname="pl.us.edu.aptwmz.SeleniumWebDriverTest.SeleniumTest" time="11.783">
    <failure message="Test zakonczony negatywnie" type="java.lang.AssertionError">java.lang.AssertionError: Test zakonczony negatywnie
	at pl.us.edu.aptwmz.SeleniumWebDriverTest.SeleniumTest.rejestracjaSkrzatyBezZaswiadczeniaLekarskiego(SeleniumTest.java:129)
</failure>
    <system-err><![CDATA[Starting ChromeDriver 74.0.3729.6 (255758eccf3d244491b8a1317aa76e1ce10d57e9-refs/branch-heads/3729@{#29}) on port 23428
Only local connections are allowed.
Please protect ports used by ChromeDriver and related test frameworks to prevent access by malicious code.
maj 12, 2019 11:52:44 PM org.openqa.selenium.remote.ProtocolHandshake createSession
INFO: Attempting bi-dialect session, assuming Postel's Law holds true on the remote end
maj 12, 2019 11:52:49 PM org.openqa.selenium.remote.ProtocolHandshake createSession
INFO: Detected dialect: OSS
]]></system-err>
  </testcase>
  <testcase name="rejestracjaMiedzy12a18RokiemZycia" classname="pl.us.edu.aptwmz.SeleniumWebDriverTest.SeleniumTest" time="9.378"/>
  <testcase name="rejestracjaSeniorBezZaswiadczeniaLekarskiego" classname="pl.us.edu.aptwmz.SeleniumWebDriverTest.SeleniumTest" time="11.991">
    <failure message="Test zakonczony negatywnie" type="java.lang.AssertionError">java.lang.AssertionError: Test zakonczony negatywnie
	at pl.us.edu.aptwmz.SeleniumWebDriverTest.SeleniumTest.rejestracjaSeniorBezZaswiadczeniaLekarskiego(SeleniumTest.java:111)
</failure>
    <system-err><![CDATA[Starting ChromeDriver 74.0.3729.6 (255758eccf3d244491b8a1317aa76e1ce10d57e9-refs/branch-heads/3729@{#29}) on port 32000
Only local connections are allowed.
Please protect ports used by ChromeDriver and related test frameworks to prevent access by malicious code.
maj 12, 2019 11:53:02 PM org.openqa.selenium.remote.ProtocolHandshake createSession
INFO: Attempting bi-dialect session, assuming Postel's Law holds true on the remote end
maj 12, 2019 11:53:10 PM org.openqa.selenium.remote.ProtocolHandshake createSession
INFO: Detected dialect: OSS
]]></system-err>
  </testcase>
  <testcase name="rejestracjaMiedzy10a12RokiemZycia" classname="pl.us.edu.aptwmz.SeleniumWebDriverTest.SeleniumTest" time="8.268"/>
  <testcase name="rejestracjaJuniorBezZaswiadczeniaLekarskiego" classname="pl.us.edu.aptwmz.SeleniumWebDriverTest.SeleniumTest" time="8.55">
    <failure message="Test zakonczony negatywnie" type="java.lang.AssertionError">java.lang.AssertionError: Test zakonczony negatywnie
	at pl.us.edu.aptwmz.SeleniumWebDriverTest.SeleniumTest.rejestracjaJuniorBezZaswiadczeniaLekarskiego(SeleniumTest.java:135)
</failure>
    <system-err><![CDATA[Starting ChromeDriver 74.0.3729.6 (255758eccf3d244491b8a1317aa76e1ce10d57e9-refs/branch-heads/3729@{#29}) on port 34273
Only local connections are allowed.
Please protect ports used by ChromeDriver and related test frameworks to prevent access by malicious code.
maj 12, 2019 11:53:22 PM org.openqa.selenium.remote.ProtocolHandshake createSession
INFO: Attempting bi-dialect session, assuming Postel's Law holds true on the remote end
maj 12, 2019 11:53:26 PM org.openqa.selenium.remote.ProtocolHandshake createSession
INFO: Detected dialect: OSS
]]></system-err>
  </testcase>
  <testcase name="rejestracjaSkrzatyBezZgodyRodzicow" classname="pl.us.edu.aptwmz.SeleniumWebDriverTest.SeleniumTest" time="7.95"/>
  <testcase name="rejestracjaJuniorBezZgodyRodzicow" classname="pl.us.edu.aptwmz.SeleniumWebDriverTest.SeleniumTest" time="7.831">
    <failure message="Test zakonczony negatywnie" type="java.lang.AssertionError">java.lang.AssertionError: Test zakonczony negatywnie
	at pl.us.edu.aptwmz.SeleniumWebDriverTest.SeleniumTest.rejestracjaJuniorBezZgodyRodzicow(SeleniumTest.java:123)
</failure>
    <system-err><![CDATA[Starting ChromeDriver 74.0.3729.6 (255758eccf3d244491b8a1317aa76e1ce10d57e9-refs/branch-heads/3729@{#29}) on port 25837
Only local connections are allowed.
Please protect ports used by ChromeDriver and related test frameworks to prevent access by malicious code.
maj 12, 2019 11:53:39 PM org.openqa.selenium.remote.ProtocolHandshake createSession
INFO: Attempting bi-dialect session, assuming Postel's Law holds true on the remote end
maj 12, 2019 11:53:42 PM org.openqa.selenium.remote.ProtocolHandshake createSession
INFO: Detected dialect: OSS
]]></system-err>
  </testcase>
  <testcase name="rejestracjaPonizej10RokuZycia" classname="pl.us.edu.aptwmz.SeleniumWebDriverTest.SeleniumTest" time="7.856"/>
  <testcase name="rejestracjaPowyzej65RokuZycia" classname="pl.us.edu.aptwmz.SeleniumWebDriverTest.SeleniumTest" time="9.719"/>
  <testcase name="rejestracjaMiedzy18a65RokiemZycia" classname="pl.us.edu.aptwmz.SeleniumWebDriverTest.SeleniumTest" time="9.82"/>
</testsuite>